<?xml version="1.0" encoding="utf-8"?><testsuites><testsuite name="pytest" errors="0" failures="0" skipped="0" tests="264" time="148.659" timestamp="2026-09-26T09:43:30.174192" hostname="LAPTOP-9LNMNU4M"><testcase classname="tests.test_analyst.ContradictionDetectorTests" name="test_buy_with_degraded_data" time="0.368" /><testcase classname="tests.test_analyst.ContradictionDetectorTests" name="test_high_score_low_rr" time="0.002" /><testcase classname="tests.test_analyst.ContradictionDetectorTests" name="test_no_contradictions" time="0.002" /><testcase classname="tests.test_analyst.ContradictionDetectorTests" name="test_reject_has_no_contradictions" time="0.002" /><testcase classname="tests.test_analyst.ContradictionDetectorTests" name="test_tp1_too_close" time="0.001" /><testcase classname="tests.test_analyst.ContradictionDetectorTests" name="test_wide_stop_loss" time="0.003" /><testcase classname="tests.test_analyst.FabricatedNumberTests" name="test_build_allowed_numbers" time="0.001" /><testcase classname="tests.test_analyst.FabricatedNumberTests" name="test_extract_numbers" time="0.003" /><testcase classname="tests.test_analyst.FabricatedNumberTests" name="test_fabricated_number_flagged" time="0.002" /><testcase classname="tests.test_analyst.FabricatedNumberTests" name="test_valid_reason_passes" time="0.002" /><testcase classname="tests.test_analyst.OllamaClientConfigTests" name="test_default_config" time="0.002" /><testcase classname="tests.test_backtest.BacktestTests" name="test_backtest_smoke" time="0.253" /><testcase classname="tests.test_backtest.BacktestTests" name="test_cost_calculation" time="0.001" /><testcase classname="tests.test_backtest.BacktestTests" name="test_holiday_skipping" time="0.001" /><testcase classname="tests.test_backtest.BacktestTests" name="test_price_limit_enforcement" time="0.002" /><testcase classname="tests.test_backtest.BacktestTests" name="test_thursday_entry_t2_is_monday" time="0.002" /><testcase classname="tests.test_backtest_leakage.BacktestLeakageTests" name="test_indicator_precomputation_causality" time="0.276" /><testcase classname="tests.test_backtest_leakage.BacktestLeakageTests" name="test_signal_decision_causality" time="0.124" /><testcase classname="tests.test_backtest_leakage.BacktestLeakageTests" name="test_trade_entry_execution_causality" time="0.247" /><testcase classname="tests.test_backtest_leakage.BacktestLeakageTests" name="test_trade_exit_execution_and_t2_settlement" time="0.332" /><testcase classname="tests.test_calibration.CalibrationLabelBuilderTests" name="test_label_builder_does_not_use_future_feature_values" time="0.356" /><testcase classname="tests.test_calibration.CalibrationLabelBuilderTests" name="test_label_builder_excludes_possible_corporate_action" time="0.291" /><testcase classname="tests.test_calibration.CalibrationLabelBuilderTests" name="test_label_builder_skips_missing_next_open" time="0.273" /><testcase classname="tests.test_calibration.CalibrationLabelBuilderTests" name="test_label_builder_t2_skips_weekend" time="0.235" /><testcase classname="tests.test_calibration.CalibrationModelTests" name="test_correlation_audit_flags_redundant_indicators" time="0.010" /><testcase classname="tests.test_calibration.CalibrationModelTests" name="test_run_calibration_is_deterministic" time="0.510" /><testcase classname="tests.test_calibration.CalibrationModelTests" name="test_threshold_optimizer_enforces_constraints" time="0.080" /><testcase classname="tests.test_calibration.CalibrationCliTests" name="test_calibrate_cli_smoke_outputs_json" time="4.825" /><testcase classname="tests.test_chat.TestChatbot" name="test_extract_symbol_from_message" time="0.004" /><testcase classname="tests.test_chat.TestChatbot" name="test_get_chat_client_default" time="0.005" /><testcase classname="tests.test_chat.TestChatbot" name="test_get_chat_client_nvidia" time="0.004" /><testcase classname="tests.test_chat.TestChatbot" name="test_get_symbol_context" time="0.004" /><testcase classname="tests.test_chat.TestChatbot" name="test_handle_chat_compiles_context" time="0.003" /><testcase classname="tests.test_core_fixes.CoreFixTests" name="test_equal_score_single_stock_capped" time="0.001" /><testcase classname="tests.test_core_fixes.CoreFixTests" name="test_hrp_single_stock_capped" time="0.002" /><testcase classname="tests.test_core_fixes.CoreFixTests" name="test_hrp_two_stocks_capped" time="0.020" /><testcase classname="tests.test_core_fixes.CoreFixTests" name="test_pnl_all_missing_returns_zero" time="0.001" /><testcase classname="tests.test_core_fixes.CoreFixTests" name="test_pnl_missing_price_no_distortion" time="0.001" /><testcase classname="tests.test_core_fixes.CoreFixTests" name="test_tp1_not_circular" time="0.069" /><testcase classname="tests.test_deep_research.DeepResearchIndicatorTests" name="test_research_indicators_and_lags_are_available" time="0.060" /><testcase classname="tests.test_deep_research.DeepResearchModelTests" name="test_train_and_predict_logistic_model_without_future_dependency" time="1.071" /><testcase classname="tests.test_deep_research.DeepResearchBacktestTests" name="test_portfolio_backtest_emits_research_metrics_and_lot_sized_trades" time="11.465" /><testcase classname="tests.test_deep_research.DeepResearchBacktestTests" name="test_robustness_report_is_seeded_and_structured" time="9.250" /><testcase classname="tests.test_deep_research.DeepResearchAiGuardTests" name="test_ai_attempted_decision_change_and_fake_evidence_are_sanitized" time="0.002" /><testcase classname="tests.test_deep_research.TechnicalOnlyModeTests" name="test_scan_cli_has_no_news_flag_and_scan_has_no_news_warning" time="0.689" /><testcase classname="tests.test_ensemble.TestFeatureEngineeringV2" name="test_cross_sectional_features_shape" time="0.126" /><testcase classname="tests.test_ensemble.TestFeatureEngineeringV2" name="test_regime_features" time="0.029" /><testcase classname="tests.test_ensemble.TestFeatureEngineeringV2" name="test_temporal_features" time="0.009" /><testcase classname="tests.test_ensemble.TestFeatureEngineeringV2" name="test_target_engineering" time="0.012" /><testcase classname="tests.test_ensemble.TestFeatureEngineeringV2" name="test_v2_feature_columns_list" time="0.002" /><testcase classname="tests.test_ensemble.TestEnsembleModel" name="test_ensemble_train" time="13.141" /><testcase classname="tests.test_ensemble.TestEnsembleModel" name="test_ensemble_predict" time="14.765" /><testcase classname="tests.test_ensemble.TestEnsembleModel" name="test_ensemble_predict_single" time="12.615" /><testcase classname="tests.test_ensemble.TestEnsembleModel" name="test_ensemble_daily_update" time="26.274" /><testcase classname="tests.test_ensemble.TestEnsembleModel" name="test_ensemble_insufficient_data" time="0.019" /><testcase classname="tests.test_ensemble.TestEnsembleModel" name="test_drift_detection" time="0.003" /><testcase classname="tests.test_ensemble.TestEnsembleModel" name="test_ensemble_save_load" time="9.309" /><testcase classname="tests.test_ensemble.TestMLOverride" name="test_override_config_in_rules" time="0.002" /><testcase classname="tests.test_ensemble.TestMLOverride" name="test_schema_has_ensemble_fields" time="0.001" /><testcase classname="tests.test_env.EnvTests" name="test_load_dotenv_does_not_override_existing" time="0.008" /><testcase classname="tests.test_eod_launcher" name="test_scheduled_launcher_routes_to_isolated_paper_runner" time="0.003" /><testcase classname="tests.test_eod_launcher" name="test_scheduled_launcher_never_mutates_git_or_publishes" time="0.001" /><testcase classname="tests.test_eod_launcher" name="test_scheduled_launcher_preserves_runner_failure_exit_code" time="0.283" /><testcase classname="tests.test_eod_launcher" name="test_scheduled_launcher_success_logs_output_and_uses_own_directory" time="0.222" /><testcase classname="tests.test_evidence_guard.EvidenceGuardTests" name="test_rejects_changed_decision_and_unknown_evidence" time="0.002" /><testcase classname="tests.test_exchange_calendar.ExchangeCalendarTests" name="test_add_trading_days_for_thursday_entry" time="0.002" /><testcase classname="tests.test_exchange_calendar.ExchangeCalendarTests" name="test_known_holidays_are_not_trading_days" time="0.002" /><testcase classname="tests.test_exchange_calendar.ExchangeCalendarTests" name="test_next_trading_day_skips_holiday_and_weekend" time="0.002" /><testcase classname="tests.test_exchange_calendar.ExchangeCalendarTests" name="test_trading_days_between_is_inclusive" time="0.002" /><testcase classname="tests.test_exchange_calendar.ExchangeCalendarTests" name="test_weekend_is_not_trading_day" time="0.002" /><testcase classname="tests.test_forward_test" name="test_target_hit" time="0.009" /><testcase classname="tests.test_forward_test" name="test_stop_hit" time="0.004" /><testcase classname="tests.test_forward_test" name="test_time_exit" time="0.005" /><testcase classname="tests.test_forward_test" name="test_t2_lock_ignores_early_stop" time="0.006" /><testcase classname="tests.test_forward_test" name="test_pending_when_not_enough_bars" time="0.007" /><testcase classname="tests.test_forward_test" name="test_logger_idempotent" time="0.039" /><testcase classname="tests.test_hardening" name="test_ids_are_unique" time="1.057" /><testcase classname="tests.test_hardening" name="test_close_closes_exactly_one_even_with_dup_id" time="0.015" /><testcase classname="tests.test_hardening" name="test_concurrent_adds_dont_lose_writes" time="0.458" /><testcase classname="tests.test_hardening" name="test_save_is_atomic_no_tmp_left" time="0.013" /><testcase classname="tests.test_hardening" name="test_get_symbol_context_rejects_bad_symbols[../../../etc/passwd]" time="0.002" /><testcase classname="tests.test_hardening" name="test_get_symbol_context_rejects_bad_symbols[../secret]" time="0.001" /><testcase classname="tests.test_hardening" name="test_get_symbol_context_rejects_bad_symbols[a/b]" time="0.002" /><testcase classname="tests.test_hardening" name="test_get_symbol_context_rejects_bad_symbols[TOOLONGSYM]" time="0.002" /><testcase classname="tests.test_hardening" name="test_get_symbol_context_rejects_bad_symbols[]" time="0.002" /><testcase classname="tests.test_hardening" name="test_get_symbol_context_rejects_bad_symbols[  ]" time="0.002" /><testcase classname="tests.test_hardening" name="test_get_symbol_context_accepts_valid_shape" time="0.001" /><testcase classname="tests.test_hardening" name="test_auth_open_when_no_password" time="0.011" /><testcase classname="tests.test_hardening" name="test_auth_health_exempt" time="0.002" /><testcase classname="tests.test_hardening" name="test_auth_rejects_missing_and_wrong" time="0.003" /><testcase classname="tests.test_hardening" name="test_auth_accepts_correct" time="0.002" /><testcase classname="tests.test_indicators.IndicatorTests" name="test_indicators_have_latest_values" time="0.108" /><testcase classname="tests.test_indicators.IndicatorTests" name="test_signal_output_is_bounded" time="0.065" /><testcase classname="tests.test_integrity_blockers" name="test_current_vn30_membership" time="0.001" /><testcase classname="tests.test_integrity_blockers" name="test_completed_session_uses_vietnam_time[2026-09-22T08:59:59+00:00-2026-09-21]" time="0.001" /><testcase classname="tests.test_integrity_blockers" name="test_completed_session_uses_vietnam_time[2026-09-22T09:00:00+00:00-2026-09-22]" time="0.001" /><testcase classname="tests.test_integrity_blockers" name="test_completed_session_uses_vietnam_time[2026-09-27T10:00:00+00:00-2026-09-25]" time="0.001" /><testcase classname="tests.test_integrity_blockers" name="test_completed_session_uses_vietnam_time[2026-09-02T10:00:00+00:00-2026-08-28]" time="0.002" /><testcase classname="tests.test_integrity_blockers" name="test_completed_session_uses_vietnam_time[2026-01-02T10:00:00+00:00-2025-12-31]" time="0.002" /><testcase classname="tests.test_integrity_blockers" name="test_completed_session_uses_vietnam_time[2026-09-21T01:00:00-07:00-2026-09-18]" time="0.002" /><testcase classname="tests.test_integrity_blockers" name="test_reject_ambiguous_naive_clock" time="0.002" /><testcase classname="tests.test_integrity_blockers" name="test_dashboard_loader_excludes_intraday_and_stale" time="0.098" /><testcase classname="tests.test_integrity_blockers" name="test_unfinished_fixed_horizon_is_pending" time="0.003" /><testcase classname="tests.test_integrity_blockers" name="test_legacy_without_provenance_is_not_resolved" time="0.030" /><testcase classname="tests.test_integrity_blockers" name="test_forward_score_excludes_unproven_records" time="0.064" /><testcase classname="tests.test_integrity_blockers" name="test_future_logger_records_actual_time_and_model" time="0.033" /><testcase classname="tests.test_integrity_blockers" name="test_provenance_failure_modes[extra0-non_paper_record]" time="0.003" /><testcase classname="tests.test_integrity_blockers" name="test_provenance_failure_modes[extra1-unverified_price_source]" time="0.003" /><testcase classname="tests.test_integrity_blockers" name="test_provenance_failure_modes[extra2-not_recorded_in_ex_ante_window]" time="0.002" /><testcase classname="tests.test_integrity_blockers" name="test_provenance_failure_modes[extra3-not_recorded_in_ex_ante_window]" time="0.003" /><testcase classname="tests.test_integrity_blockers" name="test_provenance_failure_modes[extra4-unverifiable_timing]" time="0.003" /><testcase classname="tests.test_integrity_blockers" name="test_provenance_failure_modes[extra5-model_not_available_at_prediction]" time="0.003" /><testcase classname="tests.test_integrity_blockers" name="test_provenance_failure_modes[extra6-stale_signal]" time="0.002" /><testcase classname="tests.test_integrity_blockers" name="test_provenance_failure_modes[extra7-non_trading_signal_date]" time="0.002" /><testcase classname="tests.test_integrity_blockers" name="test_duplicate_and_conflict_accounting" time="0.028" /><testcase classname="tests.test_integrity_blockers" name="test_bad_and_missing_reference_prices" time="0.011" /><testcase classname="tests.test_integrity_blockers" name="test_mr_artifact_version_tracks_loaded_bytes" time="0.023" /><testcase classname="tests.test_integrity_blockers" name="test_bad_ohlc_is_quarantined_before_replay" time="0.029" /><testcase classname="tests.test_integrity_blockers" name="test_supported_paper_replay_uses_complete_horizon" time="0.040" /><testcase classname="tests.test_integrity_blockers" name="test_cache_snapshot_changes_on_content_and_cutoff" time="0.050" /><testcase classname="tests.test_integrity_blockers" name="test_old_dashboard_cache_is_never_reused[mr_scan]" time="0.046" /><testcase classname="tests.test_integrity_blockers" name="test_old_dashboard_cache_is_never_reused[momentum_scan]" time="0.037" /><testcase classname="tests.test_integrity_blockers" name="test_old_dashboard_cache_is_never_reused[swing_scan]" time="0.034" /><testcase classname="tests.test_integrity_blockers" name="test_malformed_ledger_is_counted_not_silently_dropped" time="0.009" /><testcase classname="tests.test_integrity_blockers" name="test_yahoo_overreturned_intraday_bar_never_reaches_cache" time="0.031" /><testcase classname="tests.test_integrity_blockers" name="test_eod_refresh_replaces_existing_tail_but_rejects_intraday" time="0.053" /><testcase classname="tests.test_integrity_blockers" name="test_dashboard_to_paper_ledger_end_to_end" time="0.450" /><testcase classname="tests.test_integrity_blockers" name="test_position_alerts_in_eod_payload_exclude_intraday" time="0.039" /><testcase classname="tests.test_integrity_blockers" name="test_eod_rejects_empty_or_entirely_invalid_dates[values0]" time="0.005" /><testcase classname="tests.test_integrity_blockers" name="test_eod_rejects_empty_or_entirely_invalid_dates[values1]" time="0.007" /><testcase classname="tests.test_market_runtime_hardening" name="test_missing_2025_swap_holiday" time="0.002" /><testcase classname="tests.test_market_runtime_hardening" name="test_only_documented_symbol_transfer_gaps_are_exempt" time="0.003" /><testcase classname="tests.test_market_runtime_hardening" name="test_transient_fetch_retries_bounded_without_retrying_bad_data" time="0.020" /><testcase classname="tests.test_market_runtime_hardening" name="test_forged_verified_flag_cannot_create_paper_ledger" time="0.010" /><testcase classname="tests.test_market_runtime_hardening" name="test_verified_end_to_end_record_and_retry" time="1.127" /><testcase classname="tests.test_market_runtime_hardening" name="test_future_source_cannot_be_backdated" time="0.542" /><testcase classname="tests.test_ml_risk_controls.TestMLRiskControls" name="test_preprocess_features_robust_imputation" time="0.027" /><testcase classname="tests.test_ml_risk_controls.TestMLRiskControls" name="test_preprocess_features_robust_winsorization" time="0.011" /><testcase classname="tests.test_ml_risk_controls.TestMLRiskControls" name="test_dynamic_threshold_adjustments" time="0.006" /><testcase classname="tests.test_model_release" name="test_candidate_gates_are_predeclared_and_never_live_approval" time="0.006" /><testcase classname="tests.test_model_release" name="test_failed_metric_gate_cannot_be_paper_eligible[test_auc-0.49]" time="0.003" /><testcase classname="tests.test_model_release" name="test_failed_metric_gate_cannot_be_paper_eligible[test_brier-0.3]" time="0.002" /><testcase classname="tests.test_model_release" name="test_failed_metric_gate_cannot_be_paper_eligible[test_ece-0.2]" time="0.002" /><testcase classname="tests.test_model_release" name="test_failed_metric_gate_cannot_be_paper_eligible[test_auc-nan]" time="0.002" /><testcase classname="tests.test_model_release" name="test_failed_metric_gate_cannot_be_paper_eligible[test_rows-10]" time="0.002" /><testcase classname="tests.test_model_release" name="test_unverified_snapshot_cannot_enable_paper_or_shadow" time="0.002" /><testcase classname="tests.test_model_release" name="test_candidate_staging_is_immutable_and_content_addressed" time="0.172" /><testcase classname="tests.test_model_release" name="test_default_training_target_is_candidate_not_production" time="0.001" /><testcase classname="tests.test_model_release" name="test_training_refuses_explicit_production_replacement" time="0.003" /><testcase classname="tests.test_model_release" name="test_stage_refuses_production_path" time="0.003" /><testcase classname="tests.test_model_release" name="test_shared_features_have_batch_single_parity_and_finite_output" time="0.014" /><testcase classname="tests.test_model_release" name="test_invalid_model_outputs_fail_closed[nan-0.5]" time="0.008" /><testcase classname="tests.test_model_release" name="test_invalid_model_outputs_fail_closed[0.5-nan]" time="0.010" /><testcase classname="tests.test_model_release" name="test_invalid_model_outputs_fail_closed[0.5-1.1]" time="0.007" /><testcase classname="tests.test_model_release" name="test_invalid_model_outputs_fail_closed[-0.1-0.5]" time="0.007" /><testcase classname="tests.test_model_release" name="test_candidate_metrics_record_fixed_train_prior_baseline" time="0.119" /><testcase classname="tests.test_model_release" name="test_candidate_loader_rejects_unverified_or_tampered_release" time="0.145" /><testcase classname="tests.test_model_release" name="test_candidate_loader_has_no_live_mode" time="0.008" /><testcase classname="tests.test_model_release" name="test_verified_candidate_loads_explicitly_without_changing_default" time="0.166" /><testcase classname="tests.test_model_release" name="test_snapshot_verification_delegates_raw_source_equivalence" time="0.015" /><testcase classname="tests.test_model_release" name="test_manifest_serialization_failure_does_not_leave_partial_artifact" time="0.079" /><testcase classname="tests.test_model_release" name="test_real_snapshot_binding_release_load_and_source_revision" time="0.588" /><testcase classname="tests.test_model_release" name="test_candidate_rechecks_metric_gates_and_existing_sidecar" time="0.150" /><testcase classname="tests.test_mr_exit" name="test_stop_hit_after_lock_and_lock_is_respected" time="0.003" /><testcase classname="tests.test_mr_exit" name="test_target_hit" time="0.003" /><testcase classname="tests.test_mr_exit" name="test_time_exit_at_horizon" time="0.003" /><testcase classname="tests.test_mr_exit" name="test_same_bar_stop_and_target_stop_wins" time="0.002" /><testcase classname="tests.test_mr_exit" name="test_pending_when_horizon_beyond_data" time="0.002" /><testcase classname="tests.test_mr_exit" name="test_forward_test_wrapper_matches" time="0.003" /><testcase classname="tests.test_mr_exit" name="test_position_manager_wrapper_matches" time="0.036" /><testcase classname="tests.test_nvidia_client.NvidiaClientTests" name="test_chat_json" time="0.006" /><testcase classname="tests.test_nvidia_client.NvidiaClientTests" name="test_chat_text" time="0.007" /><testcase classname="tests.test_nvidia_client.NvidiaClientTests" name="test_config_from_env" time="0.004" /><testcase classname="tests.test_nvidia_client.NvidiaClientTests" name="test_config_from_env_missing" time="0.004" /><testcase classname="tests.test_nvidia_client.NvidiaClientTests" name="test_is_available" time="0.005" /><testcase classname="tests.test_nvidia_client.NvidiaClientTests" name="test_parse_fenced_json" time="0.002" /><testcase classname="tests.test_optimizer.OptimizerTests" name="test_apply_creates_backup_before_modifying_rules" time="0.022" /><testcase classname="tests.test_optimizer.OptimizerTests" name="test_fast_backtest_matches_precomputed_fixture" time="1.039" /><testcase classname="tests.test_optimizer.OptimizerTests" name="test_optimize_smoke_without_mutating_config" time="4.561" /><testcase classname="tests.test_optimizer.OptimizerTests" name="test_optimizer_rejects_too_few_trades_and_high_drawdown" time="0.002" /><testcase classname="tests.test_optimizer.OptimizerTests" name="test_search_space_sampling_writes_only_allowed_paths_and_no_news" time="0.003" /><testcase classname="tests.test_optimizer.OptimizerTests" name="test_walk_forward_split_preserves_chronological_order" time="0.015" /><testcase classname="tests.test_paper_cli" name="test_cli_run_scores_without_touching_record_on_retry" time="1.542" /><testcase classname="tests.test_paper_cli" name="test_cli_score_only_preserves_scan_report" time="1.146" /><testcase classname="tests.test_paper_cli" name="test_cli_preview_window_exit_and_source_failures" time="1.987" /><testcase classname="tests.test_paper_cli" name="test_cli_refresh_blocked_and_success" time="1.368" /><testcase classname="tests.test_paper_cli" name="test_score_errors_are_visible_without_overwriting_scan" time="1.059" /><testcase classname="tests.test_paper_cli" name="test_corrupted_existing_record_cannot_pass_idempotency" time="0.697" /><testcase classname="tests.test_paper_runner" name="test_readiness_rejects_missing_stale_and_invalid" time="0.236" /><testcase classname="tests.test_paper_runner" name="test_readiness_never_backdates_a_forward_run" time="0.107" /><testcase classname="tests.test_paper_runner" name="test_isolated_scans_dont_load_legacy_model_or_positions" time="0.225" /><testcase classname="tests.test_paper_runner" name="test_paper_commit_is_immutable_idempotent_and_exante" time="0.746" /><testcase classname="tests.test_paper_runner" name="test_local_cache_without_source_manifest_is_preview_only" time="0.298" /><testcase classname="tests.test_paper_scoring" name="test_pending_is_not_a_loss_or_profit_and_original_is_immutable" time="0.698" /><testcase classname="tests.test_paper_scoring" name="test_stop_gap_uses_worse_open_not_optimistic_stop" time="0.880" /><testcase classname="tests.test_paper_scoring" name="test_scoring_fails_closed_for_corrupt_records_or_revised_history[malformed]" time="1.185" /><testcase classname="tests.test_paper_scoring" name="test_scoring_fails_closed_for_corrupt_records_or_revised_history[tampered]" time="1.293" /><testcase classname="tests.test_paper_scoring" name="test_scoring_fails_closed_for_corrupt_records_or_revised_history[source_revision]" time="1.173" /><testcase classname="tests.test_paper_scoring" name="test_scoring_fails_closed_for_corrupt_records_or_revised_history[wrong_directory]" time="0.892" /><testcase classname="tests.test_paper_scoring" name="test_momentum_is_informational_and_remains_pending" time="0.655" /><testcase classname="tests.test_paper_scoring" name="test_no_records_is_an_empty_observation_set" time="0.276" /><testcase classname="tests.test_portfolio.PortfolioTests" name="test_calculate_pnl" time="0.002" /><testcase classname="tests.test_reconciliation" name="test_parse_keeps_explicit_vnd_and_excludes_intraday" time="0.015" /><testcase classname="tests.test_reconciliation" name="test_parse_rejects_invalid_source_rows_without_repair[nonpositive]" time="0.016" /><testcase classname="tests.test_reconciliation" name="test_parse_rejects_invalid_source_rows_without_repair[inconsistent]" time="0.020" /><testcase classname="tests.test_reconciliation" name="test_parse_rejects_invalid_source_rows_without_repair[duplicate]" time="0.016" /><testcase classname="tests.test_reconciliation" name="test_parse_rejects_invalid_source_rows_without_repair[nan]" time="0.022" /><testcase classname="tests.test_reconciliation" name="test_parse_rejects_invalid_source_rows_without_repair[wrong_symbol]" time="0.002" /><testcase classname="tests.test_reconciliation" name="test_parse_rejects_invalid_source_rows_without_repair[empty]" time="0.002" /><testcase classname="tests.test_reconciliation" name="test_snapshot_is_isolated_hashed_complete_and_immutable" time="0.160" /><testcase classname="tests.test_reconciliation" name="test_missing_or_stale_symbol_blocks_entire_snapshot" time="0.067" /><testcase classname="tests.test_reconciliation" name="test_future_cutoff_rejected_before_creating_output" time="0.009" /><testcase classname="tests.test_reconciliation" name="test_repair_only_invalid_row_when_neighbors_agree" time="0.082" /><testcase classname="tests.test_reconciliation" name="test_fetch_is_read_only_bounded_and_uses_explicit_cutoff" time="0.020" /><testcase classname="tests.test_reconciliation" name="test_snapshot_rejects_bad_contract_without_creating_output[symbols0-1]" time="0.007" /><testcase classname="tests.test_reconciliation" name="test_snapshot_rejects_bad_contract_without_creating_output[symbols1-1]" time="0.006" /><testcase classname="tests.test_reconciliation" name="test_snapshot_rejects_bad_contract_without_creating_output[symbols2-1]" time="0.008" /><testcase classname="tests.test_reconciliation" name="test_snapshot_rejects_bad_contract_without_creating_output[symbols3-0]" time="0.009" /><testcase classname="tests.test_reconciliation" name="test_verify_rejects_path_escape" time="0.015" /><testcase classname="tests.test_reconciliation" name="test_repair_quarantines_edges_and_still_invalid_upstream" time="0.049" /><testcase classname="tests.test_training_integrity" name="test_preprocess_is_row_independent_and_never_fits_transform" time="0.009" /><testcase classname="tests.test_training_integrity" name="test_v2_all_regime_columns_are_prefix_invariant" time="0.031" /><testcase classname="tests.test_training_integrity" name="test_split_groups_dates_and_purges_label_end" time="0.013" /><testcase classname="tests.test_training_integrity" name="test_missing_label_end_is_rejected" time="0.011" /><testcase classname="tests.test_training_integrity" name="test_ensemble_evaluation_never_predicts_its_fit_rows" time="0.122" /><testcase classname="tests.test_training_integrity" name="test_ensemble_bounds_do_not_see_holdout" time="0.113" /><testcase classname="tests.test_training_integrity" name="test_daily_update_routes_through_fresh_purged_training" time="0.008" /><testcase classname="tests.test_training_integrity" name="test_model_selection_ignores_test_metrics" time="0.001" /><testcase classname="tests.test_training_integrity" name="test_mr_partial_label_rejected" time="0.002" /><testcase classname="tests.test_training_integrity" name="test_mr_label_stop_is_anchored_to_signal_close" time="0.003" /><testcase classname="tests.test_training_integrity" name="test_ensemble_requires_fitted_bounds_for_inference" time="0.003" /><testcase classname="tests.test_training_integrity" name="test_ensemble_metadata_survives_save_load" time="0.168" /><testcase classname="tests.test_training_integrity" name="test_legacy_models_store_and_reuse_train_bounds" time="0.075" /><testcase classname="tests.test_training_integrity" name="test_mr_classifier_is_not_refit_after_calibration" time="0.139" /><testcase classname="tests.test_training_integrity" name="test_hpo_never_sees_outer_holdout_or_refits_global_bounds" time="0.093" /><testcase classname="tests.test_training_integrity" name="test_invalid_prices_fail_before_training" time="0.062" /><testcase classname="tests.test_training_integrity" name="test_dataset_asof_excludes_unresolved_and_records_actual_exit" time="0.590" /><testcase classname="tests.test_training_integrity" name="test_future_corporate_flag_does_not_select_historical_samples" time="0.288" /><testcase classname="tests.test_training_integrity" name="test_shared_serving_frame_has_temporal_features" time="0.149" /><testcase classname="tests.test_training_integrity" name="test_legacy_artifact_cannot_override_historical_signals" time="0.009" /><testcase classname="tests.test_training_integrity" name="test_mr_legacy_is_not_verified_for_eod_use" time="0.001" /><testcase classname="tests.test_training_integrity" name="test_backtest_end_never_resolves_future_or_partial_trade" time="0.065" /><testcase classname="tests.test_training_integrity" name="test_demo_daily_pipeline_cannot_write_production" time="0.002" /><testcase classname="tests.test_training_integrity" name="test_failed_suite_does_not_erase_active_registry" time="0.031" /><testcase classname="tests.test_training_integrity" name="test_single_inference_missing_value_uses_batch_neutral" time="0.009" /><testcase classname="tests.test_training_integrity" name="test_readonly_audit_spy_exercises_current_contract" time="0.349" /><testcase classname="tests.test_training_integrity" name="test_temporal_contract_edge_cases" time="0.070" /><testcase classname="tests.test_training_integrity" name="test_model_vintage_boundary[2024-01-04T00:00:00+00:00-meta0-2024-01-05-True]" time="0.003" /><testcase classname="tests.test_training_integrity" name="test_model_vintage_boundary[2024-01-06T00:00:00+00:00-meta1-2024-01-05-False]" time="0.003" /><testcase classname="tests.test_training_integrity" name="test_model_vintage_boundary[2024-01-04T00:00:00-meta2-2024-01-05-False]" time="0.003" /><testcase classname="tests.test_training_integrity" name="test_model_vintage_boundary[None-meta3-2024-01-05-False]" time="0.002" /><testcase classname="tests.test_training_integrity" name="test_model_vintage_boundary[2024-01-04T00:00:00+00:00-meta4-2024-01-05-False]" time="0.002" /><testcase classname="tests.test_training_integrity" name="test_model_vintage_boundary[2024-01-04T00:00:00+00:00-meta5-bad-date-False]" time="0.007" /><testcase classname="tests.test_training_integrity" name="test_training_reader_rejects_invalid_contract[missing]" time="0.036" /><testcase classname="tests.test_training_integrity" name="test_training_reader_rejects_invalid_contract[bad_date]" time="0.022" /><testcase classname="tests.test_training_integrity" name="test_training_reader_rejects_invalid_contract[duplicate]" time="0.043" /><testcase classname="tests.test_training_integrity" name="test_training_reader_rejects_invalid_contract[negative_volume]" time="0.042" /><testcase classname="tests.test_training_integrity" name="test_training_reader_rejects_invalid_contract[nan]" time="0.042" /><testcase classname="tests.test_training_integrity" name="test_training_reader_rejects_invalid_contract[bad_high]" time="0.074" /><testcase classname="tests.test_training_integrity" name="test_training_reader_rejects_invalid_contract[bad_low]" time="0.070" /><testcase classname="tests.test_validation.ValidationTests" name="test_create_and_log_manifest_with_new_fields" time="0.070" /><testcase classname="tests.test_validation.ValidationTests" name="test_cross_check_passes_demo_sources" time="0.107" /><testcase classname="tests.test_validation.ValidationTests" name="test_demo_variant_keeps_ohlcv_consistent" time="0.042" /><testcase classname="tests.test_validation.ValidationTests" name="test_experiment_manifest_logging" time="0.029" /></testsuite></testsuites>